<?xml version="1.0" encoding="UTF-8"?>
<!-- Generated by org.testng.reporters.JUnitReportReporter -->
<testsuite hostname="LAPTOP-ULD5OS12" failures="0" tests="3" name="Ecommerce.Testing" time="56.303" errors="0" timestamp="2022-10-18T12:10:27 IST" skipped="0">
  <testcase classname="Ecommerce.Testing" name="home" time="53.227"/>
  <system-out/>
  <testcase classname="Ecommerce.Testing" name="search" time="3.066"/>
  <system-out/>
  <testcase classname="Ecommerce.Testing" name="pageHeight" time="0.010"/>
  <system-out/>
</testsuite> <!-- Ecommerce.Testing -->
