<?xml version="1.0" encoding="UTF-8"?>
<!-- Generated by org.testng.reporters.JUnitReportReporter -->
<testsuite hostname="LAPTOP-ULD5OS12" failures="0" tests="1" name="com.theinternet.AddtoCart" time="12.256" errors="0" timestamp="08 Oct 2022 05:51:57 GMT" skipped="0">
  <testcase classname="com.theinternet.AddtoCart" name="registrationTest" time="12.256"/>
</testsuite> <!-- com.theinternet.AddtoCart -->
