<?xml version="1.0" encoding="UTF-8"?>
<!-- Generated by org.testng.reporters.JUnitReportReporter -->
<testsuite hostname="LAPTOP-ULD5OS12" failures="0" tests="1" name="com.theinternet.SearchBar" time="45.911" errors="0" timestamp="08 Oct 2022 05:54:31 GMT" skipped="0">
  <testcase classname="com.theinternet.SearchBar" name="registrationTest" time="45.911"/>
</testsuite> <!-- com.theinternet.SearchBar -->
